\BOOKMARK [1][-]{section.1}{\376\377\000C\000o\000n\000s\000u\000l\000t\000o\000r\000a}{}% 1
\BOOKMARK [2][-]{subsection.1.1}{\376\377\000Q\000u\000i\000e\000n\000e\000s\000\040\000s\000o\000m\000o\000s}{section.1}% 2
\BOOKMARK [2][-]{subsection.1.2}{\376\377\000M\000i\000s\000i\000\363\000n}{section.1}% 3
\BOOKMARK [2][-]{subsection.1.3}{\376\377\000V\000i\000s\000i\000\363\000n}{section.1}% 4
\BOOKMARK [1][-]{section.2}{\376\377\000E\000q\000u\000i\000p\000o}{}% 5
\BOOKMARK [2][-]{subsection.2.1}{\376\377\000W\000i\000l\000l\000i\000a\000m\000s\000\040\000A\000r\000\341\000n\000g\000u\000i\000z\000\040\000-\000\040\000P\000r\000o\000d\000u\000c\000t\000\040\000o\000w\000n\000e\000r}{section.2}% 6
\BOOKMARK [1][-]{section.3}{\376\377\000P\000r\000o\000b\000l\000e\000m\000\341\000t\000i\000c\000a}{}% 7
\BOOKMARK [2][-]{subsection.3.1}{\376\377\000C\000a\000s\000o\000\040\000d\000e\000\040\000e\000s\000t\000u\000d\000i\000o}{section.3}% 8
\BOOKMARK [1][-]{section.4}{\376\377\000E\000s\000t\000a\000d\000o\000\040\000d\000e\000l\000\040\000a\000r\000t\000e}{}% 9
\BOOKMARK [2][-]{subsection.4.1}{\376\377\000A\000p\000l\000i\000c\000a\000c\000i\000o\000n\000e\000s\000\040\000d\000e\000\040\000v\000o\000t\000o\000\040\000e\000l\000e\000c\000t\000r\000\363\000n\000i\000c\000o}{section.4}% 10
\BOOKMARK [3][-]{subsubsection.4.1.1}{\376\377\000S\000i\000s\000t\000e\000m\000a\000s\000\040\000d\000e\000\040\000t\000o\000m\000a\000\040\000d\000e\000\040\000d\000e\000c\000i\000s\000i\000o\000n\000e\000s}{subsection.4.1}% 11
\BOOKMARK [3][-]{subsubsection.4.1.2}{\376\377\000S\000i\000s\000t\000e\000m\000a\000s\000\040\000d\000e\000\040\000r\000e\000c\000u\000e\000n\000t\000o\000\040\000d\000e\000\040\000v\000o\000t\000o\000s}{subsection.4.1}% 12
\BOOKMARK [3][-]{subsubsection.4.1.3}{\376\377\000S\000i\000s\000t\000e\000m\000a\000s\000\040\000d\000e\000\040\000e\000n\000c\000u\000e\000s\000t\000a\000s\000\040\000y\000\040\000c\000o\000n\000s\000u\000l\000t\000a\000s\000\040\000a\000n\000\363\000n\000i\000m\000a\000s}{subsection.4.1}% 13
\BOOKMARK [3][-]{subsubsection.4.1.4}{\376\377\000S\000i\000s\000t\000e\000m\000a\000s\000\040\000d\000e\000\040\000v\000o\000t\000o}{subsection.4.1}% 14
\BOOKMARK [3][-]{subsubsection.4.1.5}{\376\377\000O\000t\000r\000o\000s\000\040\000s\000i\000s\000t\000e\000m\000a\000s\000\040\000d\000e\000\040\000v\000o\000t\000o\000\040\000e\000l\000e\000c\000t\000r\000\363\000n\000i\000c\000o\000.\000\040\000C\000o\000n\000s\000i\000d\000e\000r\000a\000c\000i\000o\000n\000e\000s}{subsection.4.1}% 15
\BOOKMARK [3][-]{subsubsection.4.1.6}{\376\377\000E\000s\000t\000r\000u\000c\000t\000u\000r\000a\000\040\000d\000e\000\040\000u\000n\000\040\000p\000r\000o\000g\000r\000a\000m\000a\000\040\000d\000e\000\040\000v\000o\000t\000o\000\040\000e\000l\000e\000c\000t\000r\000\363\000n\000i\000c\000o}{subsection.4.1}% 16
\BOOKMARK [3][-]{subsubsection.4.1.7}{\376\377\000H\000e\000r\000r\000a\000m\000i\000e\000n\000t\000a\000s\000\040\000d\000e\000\040\000s\000o\000f\000t\000w\000a\000r\000e\000\040\000l\000i\000b\000r\000e\000\040\000d\000i\000s\000p\000o\000n\000i\000b\000l\000e\000s\000\040\000p\000a\000r\000a\000\040\000p\000r\000o\000g\000r\000a\000m\000a\000s\000\040\000d\000e\000\040\000c\000o\000n\000s\000u\000l\000t\000a}{subsection.4.1}% 17
\BOOKMARK [1][-]{section.5}{\376\377\000D\000e\000s\000a\000r\000r\000o\000l\000l\000o}{}% 18
\BOOKMARK [2][-]{subsection.5.1}{\376\377\000P\000r\000o\000p\000\363\000s\000i\000t\000o\000\040\000d\000e\000l\000\040\000I\000n\000f\000o\000r\000m\000e}{section.5}% 19
\BOOKMARK [2][-]{subsection.5.2}{\376\377\000D\000e\000s\000a\000f\000\355\000o\000\040\000y\000\040\000e\000s\000c\000e\000n\000a\000r\000i\000o\000\040\000e\000n\000\040\000q\000u\000e\000\040\000s\000e\000\040\000a\000p\000l\000i\000c\000a}{section.5}% 20
\BOOKMARK [2][-]{subsection.5.3}{\376\377\000D\000e\000s\000c\000r\000i\000p\000c\000i\000\363\000n\000\040\000d\000e\000\040\000l\000a\000\040\000S\000o\000l\000u\000c\000i\000\363\000n\000\040\000p\000r\000o\000p\000u\000e\000s\000t\000a}{section.5}% 21
\BOOKMARK [2][-]{subsection.5.4}{\376\377\000I\000m\000\341\000g\000e\000n\000e\000s\000\040\000d\000e\000l\000\040\000p\000r\000o\000t\000o\000t\000i\000p\000o\000\040\000F\000\355\000s\000i\000c\000o\000\040\000y\000\040\000d\000e\000\040\000M\000o\000c\000k\000u\000p\000s}{section.5}% 22
\BOOKMARK [2][-]{subsection.5.5}{\376\377\000P\000e\000r\000f\000i\000l\000\040\000d\000e\000\040\000U\000s\000u\000a\000r\000i\000o\000s\000\040\000e\000n\000\040\000e\000l\000\040\000q\000u\000e\000\040\000s\000e\000\040\000e\000n\000f\000o\000c\000a\000\040\000l\000a\000\040\000s\000o\000l\000u\000c\000i\000\363\000n}{section.5}% 23
\BOOKMARK [2][-]{subsection.5.6}{\376\377\000T\000i\000p\000o\000\040\000d\000e\000\040\000t\000\351\000c\000n\000i\000c\000a\000s\000\040\000d\000e\000\040\000l\000e\000v\000a\000n\000t\000a\000m\000i\000e\000n\000t\000o\000\040\000d\000e\000\040\000i\000n\000f\000o\000r\000m\000a\000c\000i\000\363\000n}{section.5}% 24
\BOOKMARK [2][-]{subsection.5.7}{\376\377\000M\000a\000p\000a\000s\000\040\000y\000\040\000e\000s\000q\000u\000e\000m\000a\000s\000\040\000d\000e\000s\000a\000r\000r\000o\000l\000l\000a\000d\000o\000s}{section.5}% 25
\BOOKMARK [2][-]{subsection.5.8}{\376\377\000U\000s\000u\000a\000r\000i\000o\000s\000\040\000e\000n\000t\000r\000e\000v\000i\000s\000t\000a\000d\000o\000s\000\040\000y\000\040\000f\000o\000t\000o\000g\000r\000a\000f\000\355\000a\000s\000\040\000d\000e\000l\000\040\000p\000r\000o\000c\000e\000s\000o}{section.5}% 26
\BOOKMARK [2][-]{subsection.5.9}{\376\377\000F\000o\000t\000o\000g\000r\000a\000f\000\355\000a\000s\000\040\000d\000e\000l\000\040\000P\000r\000o\000c\000e\000s\000o\000\040\000d\000e\000\040\000T\000e\000s\000t\000i\000n\000g}{section.5}% 27
\BOOKMARK [2][-]{subsection.5.10}{\376\377\000D\000i\000s\000e\000\361\000o\000\040\000d\000e\000\040\000l\000a\000\040\000S\000o\000l\000u\000c\000i\000\363\000n\000\040\000M\000V\000P}{section.5}% 28
\BOOKMARK [2][-]{subsection.5.11}{\376\377\000I\000m\000\341\000g\000e\000n\000e\000s\000\040\000d\000e\000l\000\040\000p\000r\000o\000t\000o\000t\000i\000p\000o\000\040\000f\000\355\000s\000i\000c\000o\000\040\000m\000e\000j\000o\000r\000a\000d\000o\000\040\000y\000\040\000d\000e\000s\000c\000r\000i\000p\000c\000i\000\363\000n\000\040\000d\000e\000\040\000l\000o\000s\000\040\000P\000r\000o\000t\000o\000t\000i\000p\000o\000s\000\040\000T\000e\000c\000n\000o\000l\000\363\000g\000i\000c\000o\000s\000\040\000d\000i\000s\000e\000\361\000a\000d\000o\000s\000\040}{section.5}% 29
\BOOKMARK [2][-]{subsection.5.12}{\376\377\000L\000i\000s\000t\000a\000d\000o\000\040\000d\000e\000\040\000m\000e\000n\000c\000i\000o\000n\000e\000s\000\040\000p\000o\000s\000i\000t\000i\000v\000a\000s\000\040\000y\000\040\000n\000e\000g\000a\000t\000i\000v\000a\000s\000\040\000d\000e\000\040\000l\000o\000s\000\040\000u\000s\000u\000a\000r\000i\000o\000s\000\040\000s\000o\000b\000r\000e\000\040\000l\000o\000\040\000t\000e\000s\000t\000e\000a\000d\000o}{section.5}% 30
\BOOKMARK [2][-]{subsection.5.13}{\376\377\000M\000e\000j\000o\000r\000a\000s\000\040\000p\000r\000i\000n\000c\000i\000p\000a\000l\000e\000s\000\040\000a\000\040\000c\000o\000n\000s\000i\000d\000e\000r\000a\000r\000.}{section.5}% 31
\BOOKMARK [1][-]{section.6}{\376\377\000C\000o\000n\000c\000l\000u\000s\000i\000\363\000n}{}% 32
\BOOKMARK [1][-]{section.7}{\376\377\000B\000i\000b\000l\000i\000o\000g\000r\000a\000f\000i\000a}{}% 33
\BOOKMARK [1][-]{section.8}{\376\377\000G\000l\000o\000s\000a\000r\000i\000o}{}% 34
